{
  "RSpec": {
    "coverage": {
      "/Users/isaacfalkenstine/turing/3module/projects/rales_engine_high_level/rales_engine/app/models/customer.rb": [
        1,
        1,
        null,
        1,
        null,
        1,
        0,
        null,
        null,
        1,
        null,
        null,
        null,
        null,
        null,
        null,
        1,
        null,
        null
      ],
      "/Users/isaacfalkenstine/turing/3module/projects/rales_engine_high_level/rales_engine/app/models/application_record.rb": [
        1,
        1,
        null,
        1,
        0,
        null,
        null
      ],
      "/Users/isaacfalkenstine/turing/3module/projects/rales_engine_high_level/rales_engine/spec/models/invoice_item_spec.rb": [
        1,
        null,
        1,
        1,
        2,
        2,
        null,
        null,
        1,
        2,
        2,
        null,
        null
      ],
      "/Users/isaacfalkenstine/turing/3module/projects/rales_engine_high_level/rales_engine/app/models/invoice_item.rb": [
        1,
        1,
        null,
        1,
        1,
        null
      ],
      "/Users/isaacfalkenstine/turing/3module/projects/rales_engine_high_level/rales_engine/spec/models/invoice_spec.rb": [
        1,
        null,
        1,
        1,
        2,
        null,
        null,
        1,
        2,
        2,
        2,
        2,
        2,
        null,
        null
      ],
      "/Users/isaacfalkenstine/turing/3module/projects/rales_engine_high_level/rales_engine/app/models/invoice.rb": [
        1,
        1,
        null,
        1,
        1,
        1,
        null,
        1,
        1,
        null,
        1,
        null,
        null,
        0,
        null,
        null
      ],
      "/Users/isaacfalkenstine/turing/3module/projects/rales_engine_high_level/rales_engine/spec/models/item_spec.rb": [
        1,
        null,
        1,
        1,
        2,
        2,
        2,
        null,
        null,
        1,
        2,
        2,
        2,
        null,
        null
      ],
      "/Users/isaacfalkenstine/turing/3module/projects/rales_engine_high_level/rales_engine/app/models/item.rb": [
        1,
        1,
        null,
        1,
        1,
        1,
        null,
        1,
        null,
        null,
        0,
        null,
        null,
        1,
        null,
        null,
        null,
        null,
        null,
        1,
        null,
        null
      ],
      "/Users/isaacfalkenstine/turing/3module/projects/rales_engine_high_level/rales_engine/spec/models/merchant_spec.rb": [
        1,
        null,
        1,
        1,
        2,
        null,
        null,
        1,
        2,
        2,
        null,
        null
      ],
      "/Users/isaacfalkenstine/turing/3module/projects/rales_engine_high_level/rales_engine/app/models/merchant.rb": [
        1,
        1,
        null,
        1,
        1,
        null,
        1,
        0,
        null,
        null,
        1,
        0,
        null,
        null,
        1,
        null,
        null,
        null,
        null,
        null,
        1,
        null,
        null,
        1,
        null,
        null,
        null,
        null,
        null,
        1,
        null,
        null,
        null,
        1,
        null,
        null,
        null,
        null,
        null,
        null,
        1,
        null,
        null
      ],
      "/Users/isaacfalkenstine/turing/3module/projects/rales_engine_high_level/rales_engine/spec/models/transaction_spec.rb": [
        1,
        null,
        1,
        1,
        2,
        2,
        null,
        null,
        1,
        2,
        null,
        null
      ],
      "/Users/isaacfalkenstine/turing/3module/projects/rales_engine_high_level/rales_engine/app/models/transaction.rb": [
        1,
        1,
        null,
        1,
        null,
        1,
        null,
        0,
        null,
        null
      ],
      "/Users/isaacfalkenstine/turing/3module/projects/rales_engine_high_level/rales_engine/spec/requests/api/v1/customers_request_spec.rb": [
        1,
        null,
        1,
        1,
        1,
        null,
        1,
        null,
        1,
        null,
        1,
        null,
        1,
        null,
        null,
        1,
        1,
        null,
        1,
        null,
        1,
        null,
        1,
        1,
        null,
        1,
        1,
        null,
        1,
        null,
        1,
        null,
        1,
        1,
        null,
        null,
        1,
        1,
        null,
        1,
        null,
        1,
        null,
        1,
        1,
        null,
        null,
        1,
        1,
        1,
        null,
        1,
        1,
        1,
        null,
        null,
        1,
        1,
        1,
        null,
        1,
        1,
        1,
        null,
        null,
        1,
        1,
        null,
        1,
        null,
        1,
        1,
        1,
        1,
        null,
        null,
        1,
        1,
        1,
        null,
        1,
        null,
        1,
        1,
        1,
        1,
        null,
        null,
        1,
        1,
        1,
        null,
        1,
        null,
        1,
        1,
        1,
        1,
        null,
        null,
        1,
        1,
        1,
        null,
        1,
        null,
        1,
        1,
        1,
        1,
        null,
        1,
        1,
        null,
        1,
        null,
        1,
        1,
        1,
        null,
        null,
        1,
        1,
        null,
        1,
        null,
        1,
        1,
        null,
        null
      ],
      "/Users/isaacfalkenstine/turing/3module/projects/rales_engine_high_level/rales_engine/spec/requests/api/v1/invoice_items_request_spec.rb": [
        1,
        null,
        1,
        1,
        1,
        null,
        1,
        null,
        1,
        null,
        1,
        null,
        1,
        null,
        null,
        1,
        1,
        null,
        1,
        null,
        1,
        null,
        1,
        1,
        null,
        1,
        1,
        null,
        1,
        null,
        1,
        null,
        1,
        1,
        null,
        null,
        1,
        1,
        null,
        1,
        null,
        1,
        null,
        1,
        1,
        null,
        null,
        1,
        1,
        1,
        null,
        1,
        1,
        1,
        null,
        null,
        1,
        1,
        1,
        null,
        1,
        1,
        1,
        null,
        null,
        1,
        1,
        null,
        1,
        null,
        1,
        1,
        1,
        1,
        null,
        null,
        1,
        1,
        1,
        null,
        1,
        null,
        1,
        1,
        1,
        1,
        null,
        null,
        1,
        1,
        1,
        null,
        1,
        null,
        1,
        1,
        1,
        1,
        null,
        null,
        1,
        1,
        1,
        null,
        1,
        null,
        1,
        1,
        1,
        1,
        null,
        1,
        1,
        null,
        1,
        null,
        1,
        1,
        1,
        null,
        null
      ],
      "/Users/isaacfalkenstine/turing/3module/projects/rales_engine_high_level/rales_engine/spec/requests/api/v1/invoices_request_spec.rb": [
        1,
        null,
        1,
        1,
        1,
        null,
        1,
        null,
        1,
        null,
        1,
        null,
        1,
        null,
        null,
        1,
        1,
        null,
        1,
        null,
        1,
        null,
        1,
        1,
        null,
        1,
        1,
        null,
        1,
        null,
        1,
        null,
        1,
        1,
        null,
        null,
        1,
        1,
        null,
        1,
        null,
        1,
        null,
        1,
        1,
        null,
        null,
        1,
        1,
        1,
        null,
        1,
        1,
        1,
        null,
        null,
        1,
        1,
        1,
        null,
        1,
        1,
        1,
        null,
        null,
        1,
        1,
        null,
        1,
        null,
        1,
        1,
        1,
        1,
        null,
        null,
        1,
        1,
        1,
        null,
        1,
        null,
        1,
        1,
        1,
        1,
        null,
        null,
        1,
        1,
        1,
        null,
        1,
        null,
        1,
        1,
        1,
        1,
        null,
        null,
        1,
        1,
        1,
        null,
        1,
        null,
        1,
        1,
        1,
        1,
        null,
        1,
        1,
        null,
        1,
        null,
        1,
        1,
        1,
        null,
        null
      ],
      "/Users/isaacfalkenstine/turing/3module/projects/rales_engine_high_level/rales_engine/spec/requests/api/v1/items_request_spec.rb": [
        1,
        null,
        1,
        1,
        1,
        null,
        1,
        null,
        1,
        null,
        1,
        null,
        1,
        null,
        null,
        1,
        1,
        null,
        1,
        null,
        1,
        null,
        1,
        1,
        null,
        1,
        1,
        null,
        1,
        null,
        1,
        null,
        1,
        1,
        null,
        null,
        1,
        1,
        null,
        1,
        null,
        1,
        null,
        1,
        1,
        null,
        null,
        1,
        1,
        1,
        null,
        1,
        1,
        1,
        null,
        null,
        1,
        1,
        1,
        null,
        1,
        1,
        1,
        null,
        null,
        1,
        1,
        null,
        1,
        null,
        1,
        1,
        1,
        1,
        null,
        null,
        1,
        1,
        1,
        null,
        1,
        null,
        1,
        1,
        1,
        1,
        null,
        null,
        1,
        1,
        1,
        null,
        1,
        null,
        1,
        1,
        1,
        1,
        null,
        null,
        1,
        1,
        1,
        null,
        1,
        null,
        1,
        1,
        1,
        1,
        null,
        1,
        1,
        null,
        1,
        null,
        1,
        1,
        1,
        null,
        null,
        1,
        1,
        null,
        1,
        null,
        1,
        1,
        null,
        null
      ],
      "/Users/isaacfalkenstine/turing/3module/projects/rales_engine_high_level/rales_engine/spec/requests/api/v1/merchants_request_spec.rb": [
        1,
        null,
        1,
        1,
        1,
        null,
        1,
        null,
        1,
        null,
        1,
        null,
        1,
        null,
        null,
        1,
        1,
        null,
        1,
        null,
        1,
        null,
        1,
        1,
        null,
        1,
        1,
        null,
        1,
        null,
        1,
        null,
        1,
        1,
        null,
        null,
        1,
        1,
        null,
        1,
        null,
        1,
        null,
        1,
        1,
        null,
        null,
        1,
        1,
        1,
        null,
        1,
        1,
        1,
        null,
        null,
        1,
        1,
        1,
        null,
        1,
        1,
        1,
        null,
        null,
        1,
        1,
        null,
        1,
        null,
        1,
        1,
        1,
        1,
        null,
        null,
        1,
        1,
        1,
        null,
        1,
        null,
        1,
        1,
        1,
        1,
        null,
        null,
        1,
        1,
        1,
        null,
        1,
        null,
        1,
        1,
        1,
        1,
        null,
        null,
        1,
        1,
        1,
        null,
        1,
        null,
        1,
        1,
        1,
        1,
        null,
        1,
        1,
        null,
        1,
        null,
        1,
        1,
        1,
        null,
        null,
        1,
        1,
        null,
        1,
        null,
        1,
        1,
        null,
        null,
        1,
        1,
        null,
        1,
        1,
        null,
        null,
        1,
        1,
        null,
        1,
        1,
        null,
        null
      ],
      "/Users/isaacfalkenstine/turing/3module/projects/rales_engine_high_level/rales_engine/spec/requests/api/v1/transactions_request_spec.rb": [
        1,
        null,
        1,
        1,
        1,
        null,
        1,
        null,
        1,
        null,
        1,
        null,
        1,
        null,
        null,
        1,
        1,
        null,
        1,
        null,
        1,
        null,
        1,
        1,
        null,
        1,
        1,
        null,
        1,
        null,
        1,
        null,
        1,
        1,
        null,
        null,
        1,
        1,
        null,
        1,
        null,
        1,
        null,
        1,
        1,
        null,
        null,
        1,
        1,
        1,
        null,
        1,
        1,
        1,
        null,
        null,
        1,
        1,
        1,
        null,
        1,
        1,
        1,
        null,
        null,
        1,
        1,
        null,
        1,
        null,
        1,
        1,
        1,
        1,
        null,
        null,
        1,
        1,
        1,
        null,
        1,
        null,
        1,
        1,
        1,
        1,
        null,
        null,
        1,
        1,
        1,
        null,
        1,
        null,
        1,
        1,
        1,
        1,
        null,
        null,
        1,
        1,
        1,
        null,
        1,
        null,
        1,
        1,
        1,
        1,
        null,
        1,
        1,
        null,
        1,
        null,
        1,
        1,
        1,
        null,
        null
      ],
      "/Users/isaacfalkenstine/turing/3module/projects/rales_engine_high_level/rales_engine/spec/factories/customers.rb": [
        1,
        1,
        1,
        1,
        null,
        null
      ],
      "/Users/isaacfalkenstine/turing/3module/projects/rales_engine_high_level/rales_engine/spec/factories/invoice_items.rb": [
        1,
        1,
        1,
        1,
        1,
        1,
        null,
        null
      ],
      "/Users/isaacfalkenstine/turing/3module/projects/rales_engine_high_level/rales_engine/spec/factories/invoices.rb": [
        1,
        1,
        1,
        1,
        1,
        null,
        null
      ],
      "/Users/isaacfalkenstine/turing/3module/projects/rales_engine_high_level/rales_engine/spec/factories/items.rb": [
        1,
        1,
        1,
        1,
        1,
        1,
        null,
        null
      ],
      "/Users/isaacfalkenstine/turing/3module/projects/rales_engine_high_level/rales_engine/spec/factories/merchants.rb": [
        1,
        1,
        1,
        null,
        null
      ],
      "/Users/isaacfalkenstine/turing/3module/projects/rales_engine_high_level/rales_engine/spec/factories/transactions.rb": [
        1,
        1,
        1,
        1,
        1,
        1,
        null,
        null
      ],
      "/Users/isaacfalkenstine/turing/3module/projects/rales_engine_high_level/rales_engine/app/controllers/api/v1/customers_controller.rb": [
        1,
        1,
        1,
        null,
        null,
        1,
        1,
        0,
        null,
        1,
        null,
        null,
        null
      ],
      "/Users/isaacfalkenstine/turing/3module/projects/rales_engine_high_level/rales_engine/app/controllers/application_controller.rb": [
        1,
        null
      ],
      "/Users/isaacfalkenstine/turing/3module/projects/rales_engine_high_level/rales_engine/app/serializers/customer_serializer.rb": [
        1,
        1,
        1,
        null
      ],
      "/Users/isaacfalkenstine/turing/3module/projects/rales_engine_high_level/rales_engine/app/controllers/api/v1/customers/search_controller.rb": [
        1,
        1,
        4,
        null,
        null,
        1,
        4,
        null,
        null,
        1,
        null,
        1,
        8,
        null,
        null
      ],
      "/Users/isaacfalkenstine/turing/3module/projects/rales_engine_high_level/rales_engine/app/controllers/api/v1/customers/random_controller.rb": [
        1,
        1,
        1,
        null,
        null
      ],
      "/Users/isaacfalkenstine/turing/3module/projects/rales_engine_high_level/rales_engine/app/controllers/api/v1/customers/favorite_merchant_controller.rb": [
        1,
        1,
        1,
        null,
        null
      ],
      "/Users/isaacfalkenstine/turing/3module/projects/rales_engine_high_level/rales_engine/app/serializers/merchant_serializer.rb": [
        1,
        1,
        1,
        null
      ],
      "/Users/isaacfalkenstine/turing/3module/projects/rales_engine_high_level/rales_engine/app/controllers/api/v1/invoice_items_controller.rb": [
        1,
        1,
        1,
        0,
        1,
        0,
        null,
        1,
        null,
        null,
        null,
        null,
        1,
        1,
        null,
        null
      ],
      "/Users/isaacfalkenstine/turing/3module/projects/rales_engine_high_level/rales_engine/app/serializers/invoice_item_serializer.rb": [
        1,
        1,
        1,
        null
      ],
      "/Users/isaacfalkenstine/turing/3module/projects/rales_engine_high_level/rales_engine/app/controllers/api/v1/invoice_items/search_controller.rb": [
        1,
        1,
        4,
        null,
        null,
        1,
        4,
        null,
        null,
        1,
        null,
        1,
        8,
        null,
        null
      ],
      "/Users/isaacfalkenstine/turing/3module/projects/rales_engine_high_level/rales_engine/app/controllers/api/v1/invoice_items/random_controller.rb": [
        1,
        1,
        1,
        null,
        null
      ],
      "/Users/isaacfalkenstine/turing/3module/projects/rales_engine_high_level/rales_engine/app/controllers/api/v1/invoices_controller.rb": [
        1,
        1,
        1,
        0,
        1,
        0,
        null,
        1,
        null,
        null,
        null,
        1,
        1,
        0,
        1,
        0,
        null,
        1,
        null,
        null,
        null
      ],
      "/Users/isaacfalkenstine/turing/3module/projects/rales_engine_high_level/rales_engine/app/serializers/invoice_serializer.rb": [
        1,
        1,
        1,
        null
      ],
      "/Users/isaacfalkenstine/turing/3module/projects/rales_engine_high_level/rales_engine/app/controllers/api/v1/invoices/search_controller.rb": [
        1,
        1,
        4,
        null,
        null,
        1,
        4,
        null,
        null,
        1,
        null,
        1,
        8,
        null,
        null
      ],
      "/Users/isaacfalkenstine/turing/3module/projects/rales_engine_high_level/rales_engine/app/controllers/api/v1/invoices/random_controller.rb": [
        1,
        1,
        1,
        null,
        null
      ],
      "/Users/isaacfalkenstine/turing/3module/projects/rales_engine_high_level/rales_engine/app/controllers/api/v1/items_controller.rb": [
        1,
        1,
        1,
        0,
        1,
        0,
        null,
        1,
        null,
        null,
        null,
        null,
        1,
        1,
        0,
        null,
        1,
        null,
        null,
        null
      ],
      "/Users/isaacfalkenstine/turing/3module/projects/rales_engine_high_level/rales_engine/app/serializers/item_serializer.rb": [
        1,
        1,
        1,
        null
      ],
      "/Users/isaacfalkenstine/turing/3module/projects/rales_engine_high_level/rales_engine/app/controllers/api/v1/items/search_controller.rb": [
        1,
        1,
        4,
        null,
        null,
        1,
        4,
        null,
        null,
        1,
        null,
        1,
        8,
        null,
        null
      ],
      "/Users/isaacfalkenstine/turing/3module/projects/rales_engine_high_level/rales_engine/app/controllers/api/v1/items/random_controller.rb": [
        1,
        1,
        1,
        null,
        null
      ],
      "/Users/isaacfalkenstine/turing/3module/projects/rales_engine_high_level/rales_engine/app/controllers/api/v1/items/items_best_day_controller.rb": [
        1,
        1,
        1,
        null,
        null
      ],
      "/Users/isaacfalkenstine/turing/3module/projects/rales_engine_high_level/rales_engine/app/controllers/api/v1/merchants_controller.rb": [
        1,
        1,
        1,
        null,
        null,
        1,
        1,
        0,
        1,
        0,
        null,
        1,
        null,
        null,
        null
      ],
      "/Users/isaacfalkenstine/turing/3module/projects/rales_engine_high_level/rales_engine/app/controllers/api/v1/merchants/search_controller.rb": [
        1,
        1,
        4,
        null,
        null,
        1,
        4,
        null,
        null,
        1,
        null,
        1,
        8,
        null,
        null
      ],
      "/Users/isaacfalkenstine/turing/3module/projects/rales_engine_high_level/rales_engine/app/controllers/api/v1/merchants/random_controller.rb": [
        1,
        1,
        1,
        null,
        null
      ],
      "/Users/isaacfalkenstine/turing/3module/projects/rales_engine_high_level/rales_engine/app/controllers/api/v1/merchants/favorites_controller.rb": [
        1,
        1,
        1,
        null,
        null
      ],
      "/Users/isaacfalkenstine/turing/3module/projects/rales_engine_high_level/rales_engine/app/controllers/api/v1/merchants/most_revenue_controller.rb": [
        1,
        1,
        1,
        null,
        null
      ],
      "/Users/isaacfalkenstine/turing/3module/projects/rales_engine_high_level/rales_engine/app/controllers/api/v1/merchants/most_items_controller.rb": [
        1,
        1,
        1,
        null,
        null
      ],
      "/Users/isaacfalkenstine/turing/3module/projects/rales_engine_high_level/rales_engine/app/controllers/api/v1/transactions_controller.rb": [
        1,
        1,
        1,
        0,
        1,
        0,
        null,
        1,
        null,
        null,
        null,
        1,
        1,
        null,
        null
      ],
      "/Users/isaacfalkenstine/turing/3module/projects/rales_engine_high_level/rales_engine/app/serializers/transaction_serializer.rb": [
        1,
        1,
        1,
        null
      ],
      "/Users/isaacfalkenstine/turing/3module/projects/rales_engine_high_level/rales_engine/app/controllers/api/v1/transactions/search_controller.rb": [
        1,
        1,
        4,
        null,
        null,
        1,
        4,
        null,
        null,
        1,
        null,
        1,
        8,
        null,
        null
      ],
      "/Users/isaacfalkenstine/turing/3module/projects/rales_engine_high_level/rales_engine/app/controllers/api/v1/transactions/random_controller.rb": [
        1,
        1,
        1,
        null,
        null
      ]
    },
    "timestamp": 1543842372
  }
}
